<?xml version="1.0" encoding="UTF-8"?>
<!-- Generated by org.testng.reporters.JUnitReportReporter -->
<testsuite hostname="DESKTOP-6HUTV93" failures="0" tests="1" name="TestApple.PayloadEndpoint" time="9.103" errors="0" timestamp="2024-09-16T21:57:33 IST" skipped="0">
  <testcase classname="TestApple.PayloadEndpoint" name="ApiApple" time="9.103"/>
</testsuite> <!-- TestApple.PayloadEndpoint -->
